<?xml version="1.0" encoding="UTF-8"?>
<!-- Generated by org.testng.reporters.JUnitReportReporter -->
<testsuite hostname="DESKTOP-896EQCN" failures="0" tests="1" name="JDBC.Practice.ExecuteQueryTest" time="0.974" errors="0" timestamp="2022-04-20T22:20:41 IST" skipped="0">
  <testcase classname="JDBC.Practice.ExecuteQueryTest" name="executeQueryTest" time="0.974"/>
  <system-out/>
</testsuite> <!-- JDBC.Practice.ExecuteQueryTest -->
